<?xml version="1.0" encoding="UTF-8"?>
<testsuite xmlns:xsi="http://www.w3.org/2001/XMLSchema-instance" xsi:noNamespaceSchemaLocation="https://maven.apache.org/surefire/maven-surefire-plugin/xsd/surefire-test-report-3.0.xsd" version="3.0" name="Criar Movimentacao" time="71.425" tests="4" errors="0" skipped="0" failures="0">
  <properties>
[...]
</properties>
  <testcase name="0013 - Criar Movimentacao com Sucesso" classname="Criar Movimentacao" time="25.396">
    <system-out><![CDATA[Passou por aqui
Definindo os parametros da evidencia . . .
Parâmetros de evidência ok
]]></system-out>
    <system-err><![CDATA[jan 05, 2021 10:07:10 AM org.openqa.selenium.remote.DesiredCapabilities chrome
INFORMAÇÕES: Using `new ChromeOptions()` is preferred to `DesiredCapabilities.chrome()`
jan 05, 2021 10:07:12 AM org.openqa.selenium.remote.ProtocolHandshake createSession
INFORMAÇÕES: Detected dialect: W3C
]]></system-err>
  </testcase>
  <testcase name="0014 - Obrigatoriedade do campo &apos;Data da Movimentação&apos;" classname="Criar Movimentacao" time="15.71">
    <system-out><![CDATA[Passou por aqui
Definindo os parametros da evidencia . . .
Parâmetros de evidência ok
]]></system-out>
    <system-err><![CDATA[jan 05, 2021 10:07:28 AM org.openqa.selenium.remote.DesiredCapabilities chrome
INFORMAÇÕES: Using `new ChromeOptions()` is preferred to `DesiredCapabilities.chrome()`
jan 05, 2021 10:07:30 AM org.openqa.selenium.remote.ProtocolHandshake createSession
INFORMAÇÕES: Detected dialect: W3C
]]></system-err>
  </testcase>
  <testcase name="0015 - Obrigatoriedade do campo &apos;Data do Pagamento&apos;" classname="Criar Movimentacao" time="20.57">
    <system-out><![CDATA[Passou por aqui
Definindo os parametros da evidencia . . .
Parâmetros de evidência ok
]]></system-out>
    <system-err><![CDATA[jan 05, 2021 10:07:45 AM org.openqa.selenium.remote.DesiredCapabilities chrome
INFORMAÇÕES: Using `new ChromeOptions()` is preferred to `DesiredCapabilities.chrome()`
jan 05, 2021 10:07:45 AM org.openqa.selenium.remote.ProtocolHandshake createSession
INFORMAÇÕES: Detected dialect: W3C
]]></system-err>
  </testcase>
  <testcase name="0016 - Obrigatoriedade do campo &apos;Valor&apos;" classname="Criar Movimentacao" time="9.745">
    <system-out><![CDATA[Passou por aqui
Definindo os parametros da evidencia . . .
Parâmetros de evidência ok
]]></system-out>
    <system-err><![CDATA[jan 05, 2021 10:08:05 AM org.openqa.selenium.remote.DesiredCapabilities chrome
INFORMAÇÕES: Using `new ChromeOptions()` is preferred to `DesiredCapabilities.chrome()`
jan 05, 2021 10:08:06 AM org.openqa.selenium.remote.ProtocolHandshake createSession
INFORMAÇÕES: Detected dialect: W3C
]]></system-err>
  </testcase>
</testsuite>