<?xml version="1.0" encoding="UTF-8"?>
<testsuite xmlns:xsi="http://www.w3.org/2001/XMLSchema-instance" xsi:noNamespaceSchemaLocation="https://maven.apache.org/surefire/maven-surefire-plugin/xsd/surefire-test-report-3.0.xsd" version="3.0" name="Resumo Mensal" time="44.276" tests="1" errors="0" skipped="0" failures="0">
  <properties>
[...]
</properties>
  <testcase name="0017 - Deletar Movimentacao na tela Resumo Mensal" classname="Resumo Mensal" time="44.276">
    <system-out><![CDATA[jan 05, 2021 10:07:03 AM cucumber.runtime.java.ObjectFactoryLoader loadSingleObjectFactory
INFORMAÇÕES: Loading ObjectFactory via service loader: io.cucumber.picocontainer.PicoFactory

jan 05, 2021 10:07:03 AM cucumber.runtime.java.ObjectFactoryLoader loadSingleObjectFactory
INFORMAÇÕES: Loading ObjectFactory via service loader: io.cucumber.picocontainer.PicoFactory

jan 05, 2021 10:07:03 AM cucumber.runtime.java.ObjectFactoryLoader loadSingleObjectFactory
INFORMAÇÕES: Loading ObjectFactory via service loader: io.cucumber.picocontainer.PicoFactory

jan 05, 2021 10:07:03 AM cucumber.runtime.java.ObjectFactoryLoader loadSingleObjectFactory
INFORMAÇÕES: Loading ObjectFactory via service loader: io.cucumber.picocontainer.PicoFactory

jan 05, 2021 10:07:03 AM cucumber.runtime.java.ObjectFactoryLoader loadSingleObjectFactory
INFORMAÇÕES: Loading ObjectFactory via service loader: io.cucumber.picocontainer.PicoFactory

jan 05, 2021 10:07:03 AM cucumber.runtime.java.ObjectFactoryLoader loadSingleObjectFactory
INFORMAÇÕES: Loading ObjectFactory via service loader: io.cucumber.picocontainer.PicoFactory

jan 05, 2021 10:07:03 AM cucumber.runtime.java.ObjectFactoryLoader loadSingleObjectFactory
INFORMAÇÕES: Loading ObjectFactory via service loader: io.cucumber.picocontainer.PicoFactory

@CriarConta

Funcionalidade: Criar Conta



  @CriarConta @SENHORBARRIGA009 @web

  Cenario: 0009 - Validar criacao de Nova Conta com Sucesso                                   # src/test/resources/Features/SNF/CriarConta.feature:9

    Dado que Logado na Pagina do Senhor Barriga                                               # LoginStep.queLogadoNaPaginaDoSenhorBarriga()

    E estou executando o teste                                                                # ParametrosEvidenciaSteps.estouExecutandoOTeste(DataTable)

    E acesso a pagina Adicionar Conta                                                         # CriarContaStep.acessoAPaginaAdicionarConta()

      org.openqa.selenium.ElementNotInteractableException: element not interactable
  (Session info: chrome=79.0.3945.117)
Build info: version: '3.141.59', revision: 'e82be7d358', time: '2018-11-14T08:17:03'
System info: host: 'NBPITANG-207', ip: '192.168.0.108', os.name: 'Windows 10', os.arch: 'amd64', os.version: '10.0', java.version: '1.8.0_211'
Driver info: org.openqa.selenium.remote.RemoteWebDriver
Capabilities {acceptInsecureCerts: false, browserName: chrome, browserVersion: 79.0.3945.117, chrome: {chromedriverVersion: 79.0.3945.36 (3582db32b3389..., userDataDir: /tmp/.com.google.Chrome.igEhRj}, goog:chromeOptions: {debuggerAddress: localhost:34755}, javascriptEnabled: true, networkConnectionEnabled: false, pageLoadStrategy: normal, platform: LINUX, platformName: LINUX, proxy: Proxy(), setWindowRect: true, strictFileInteractability: false, timeouts: {implicit: 0, pageLoad: 300000, script: 30000}, unhandledPromptBehavior: dismiss and notify, webdriver.remote.sessionid: c10dbbfc884c2c4d073caa01b3d...}
Session ID: c10dbbfc884c2c4d073caa01b3d2b802
	at sun.reflect.NativeConstructorAccessorImpl.newInstance0(Native Method)
	at sun.reflect.NativeConstructorAccessorImpl.newInstance(NativeConstructorAccessorImpl.java:62)
	at sun.reflect.DelegatingConstructorAccessorImpl.newInstance(DelegatingConstructorAccessorImpl.java:45)
	at java.lang.reflect.Constructor.newInstance(Constructor.java:423)
	at org.openqa.selenium.remote.http.W3CHttpResponseCodec.createException(W3CHttpResponseCodec.java:187)
	at org.openqa.selenium.remote.http.W3CHttpResponseCodec.decode(W3CHttpResponseCodec.java:122)
	at org.openqa.selenium.remote.http.W3CHttpResponseCodec.decode(W3CHttpResponseCodec.java:49)
	at org.openqa.selenium.remote.HttpCommandExecutor.execute(HttpCommandExecutor.java:158)
	at org.openqa.selenium.remote.RemoteWebDriver.execute(RemoteWebDriver.java:552)
	at org.openqa.selenium.remote.RemoteWebElement.execute(RemoteWebElement.java:285)
	at org.openqa.selenium.remote.RemoteWebElement.click(RemoteWebElement.java:84)
	at sun.reflect.GeneratedMethodAccessor8.invoke(Unknown Source)
	at sun.reflect.DelegatingMethodAccessorImpl.invoke(DelegatingMethodAccessorImpl.java:43)
	at java.lang.reflect.Method.invoke(Method.java:498)
	at org.openqa.selenium.support.pagefactory.internal.LocatingElementHandler.invoke(LocatingElementHandler.java:51)
	at com.sun.proxy.$Proxy18.click(Unknown Source)
	at web.funcionalidade.HomeFuncionalidade.acessarAdicionarConta(HomeFuncionalidade.java:31)
	at web.steps.CriarContaStep.acessoAPaginaAdicionarConta(CriarContaStep.java:25)
	at ?.acesso a pagina Adicionar Conta(file:src/test/resources/Features/SNF/CriarConta.feature:14)


    E preencho o campo Nome com novo valor                                                    # CriarContaStep.preenchoCampoNomeComNovoValor()

    Quando clico no Botao Salvar                                                              # CriarContaStep.clicoNoBotaoSalvar()

    Entao sistem exibi a mensagen "Conta adicionada com sucesso!"  na tela de Adicionar Conta # CriarContaStep.sistemExibiAMensagenNaTelaDeAdicionarConta(String)



  @CriarConta @SENHORBARRIGA010 @web

  Cenario: 0010 - Validar criacao de Nova Conta com Nome já existente                              # src/test/resources/Features/SNF/CriarConta.feature:20

    Dado que Logado na Pagina do Senhor Barriga                                                    # LoginStep.queLogadoNaPaginaDoSenhorBarriga()

    E estou executando o teste                                                                     # ParametrosEvidenciaSteps.estouExecutandoOTeste(DataTable)

    E acesso a pagina Adicionar Conta                                                              # CriarContaStep.acessoAPaginaAdicionarConta()

    E tenho uma conta já criada                                                                    # CriarContaStep.tenhoUmaContaJaCriada()

    E preencho o campo nome com valor já criado                                                    # CriarContaStep.preenchoCampoNomeComValorJaCriado()

    Quando clico no Botao Salvar                                                                   # CriarContaStep.clicoNoBotaoSalvar()

    Entao sistem exibi a mensagen "Já existe uma conta com esse nome!"  na tela de Adicionar Conta # CriarContaStep.sistemExibiAMensagenNaTelaDeAdicionarConta(String)



  @CriarConta @SENHORBARRIGA011 @web

  Cenario: 0011 - Validar criacao de Nova Conta sem preencher o Campo Nome              # src/test/resources/Features/SNF/CriarConta.feature:32

    Dado que Logado na Pagina do Senhor Barriga                                         # LoginStep.queLogadoNaPaginaDoSenhorBarriga()

    E estou executando o teste                                                          # ParametrosEvidenciaSteps.estouExecutandoOTeste(DataTable)

    E acesso a pagina Adicionar Conta                                                   # CriarContaStep.acessoAPaginaAdicionarConta()

    Quando clico no Botao Salvar                                                        # CriarContaStep.clicoNoBotaoSalvar()

    Entao sistem exibi a mensagen "Informe o nome da conta"  na tela de Adicionar Conta # CriarContaStep.sistemExibiAMensagenNaTelaDeAdicionarConta(String)



  @CriarConta @SENHORBARRIGA012 @web

  Cenario: 0012 - Validar acao de Deletar Contana tela de Adicionar Conta                   # src/test/resources/Features/SNF/CriarConta.feature:42

    Dado que Logado na Pagina do Senhor Barriga                                             # LoginStep.queLogadoNaPaginaDoSenhorBarriga()

    E estou executando o teste                                                              # ParametrosEvidenciaSteps.estouExecutandoOTeste(DataTable)

    E acesso a pagina Adicionar Conta                                                       # CriarContaStep.acessoAPaginaAdicionarConta()

    E tenho uma conta já criada                                                             # CriarContaStep.tenhoUmaContaJaCriada()

    Quando clico no Botao Deletar Conta                                                     # CriarContaStep.clicoNoBotaoDeletarConta()

    Entao sistem exibi a mensagen "Conta removida com sucesso!"  na tela de Adicionar Conta # CriarContaStep.sistemExibiAMensagenNaTelaDeAdicionarConta(String)



@CriarMovimentacao

Funcionalidade: Criar Movimentacao



  @CriarMovimentacao @SENHORBARRIGA013 @web

  Cenario: 0013 - Criar Movimentacao com Sucesso                                                        # src/test/resources/Features/SNF/CriarMovimentacao.feature:9

    Dado que Logado na Pagina do Senhor Barriga                                                         # LoginStep.queLogadoNaPaginaDoSenhorBarriga()

    E estou executando o teste                                                                          # ParametrosEvidenciaSteps.estouExecutandoOTeste(DataTable)

    E acesso a pagina Adicionar Conta                                                                   # CriarContaStep.acessoAPaginaAdicionarConta()

    E tenho uma conta já criada                                                                         # CriarContaStep.tenhoUmaContaJaCriada()

    Quando crio uma Movimentacao                                                                        # CriarMovimentacaoStep.crioUmaMovimentacao()

    Entao sistem exibi a mensagen "Movimentação adicionada com sucesso!"  na tela de Criar Movimentacao # CriarMovimentacaoStep.sistemExibiAMensagenNaTelaDeCriarMovimentacao(String)



  @CriarMovimentacao @SENHORBARRIGA014 @web

  Cenario: 0014 - Obrigatoriedade do campo 'Data da Movimentação'                                     # src/test/resources/Features/SNF/CriarMovimentacao.feature:20

    Dado que Logado na Pagina do Senhor Barriga                                                       # LoginStep.queLogadoNaPaginaDoSenhorBarriga()

    E estou executando o teste                                                                        # ParametrosEvidenciaSteps.estouExecutandoOTeste(DataTable)

    E acesso a pagina Adicionar Conta                                                                 # CriarContaStep.acessoAPaginaAdicionarConta()

    E tenho uma conta já criada                                                                       # CriarContaStep.tenhoUmaContaJaCriada()

    Quando crio uma Movimentacao sem o campo Data Movimentacao                                        # CriarMovimentacaoStep.movimentacaoSemCampoDataMovimentacao()

    Entao sistem exibi a mensagen "Data da Movimentação é obrigatório"  na tela de Criar Movimentacao # CriarMovimentacaoStep.sistemExibiAMensagenNaTelaDeCriarMovimentacao(String)



  @CriarMovimentacao @SENHORBARRIGA015 @web

  Cenario: 0015 - Obrigatoriedade do campo 'Data do Pagamento'                                     # src/test/resources/Features/SNF/CriarMovimentacao.feature:31

    Dado que Logado na Pagina do Senhor Barriga                                                    # LoginStep.queLogadoNaPaginaDoSenhorBarriga()

    E estou executando o teste                                                                     # ParametrosEvidenciaSteps.estouExecutandoOTeste(DataTable)

    E acesso a pagina Adicionar Conta                                                              # CriarContaStep.acessoAPaginaAdicionarConta()

    E tenho uma conta já criada                                                                    # CriarContaStep.tenhoUmaContaJaCriada()

    Quando crio uma Movimentacao sem o campo Data do Pagamento                                     # CriarMovimentacaoStep.movimentacaoSemCampoDataDoPagamento()

    Entao sistem exibi a mensagen "Data do pagamento é obrigatório"  na tela de Criar Movimentacao # CriarMovimentacaoStep.sistemExibiAMensagenNaTelaDeCriarMovimentacao(String)



  @CriarMovimentacao @SENHORBARRIGA016 @web

  Cenario: 0016 - Obrigatoriedade do campo 'Valor'                                      # src/test/resources/Features/SNF/CriarMovimentacao.feature:42

    Dado que Logado na Pagina do Senhor Barriga                                         # LoginStep.queLogadoNaPaginaDoSenhorBarriga()

    E estou executando o teste                                                          # ParametrosEvidenciaSteps.estouExecutandoOTeste(DataTable)

    E acesso a pagina Adicionar Conta                                                   # CriarContaStep.acessoAPaginaAdicionarConta()

    E tenho uma conta já criada                                                         # CriarContaStep.tenhoUmaContaJaCriada()

    Quando crio uma Movimentacao sem o campo Valor                                      # CriarMovimentacaoStep.movimentacaoSemCampoValor()

    Entao sistema exibi as mensagens "Valor é obrigatório" e "Valor deve ser um número" # CriarMovimentacaoStep.sistemaExibiAsMensagensE(String,String)



@CriarNovoUsuario

Funcionalidade: Criar Novo Usuario



  @CriarNovoUsuario @SENHORBARRIGA005 @web

  Cenario: 0005 - Validar criacao de Novo Usuario preenchenco somente o campo Nome                                          # src/test/resources/Features/SNF/CriarNovoUsuario.feature:9

    Dado que estou na pagina de Login do Senhor Barriga                                                                     # LoginStep.queEstouLogadoNoSNFComUsuario()

    E estou executando o teste                                                                                              # ParametrosEvidenciaSteps.estouExecutandoOTeste(DataTable)

    E acesso a pagina Novo Usuario                                                                                          # NovoUsuarioStep.acessoAPaginaNovoUsuario()

    E preencho somente o campo "Nome" com o valor "Jose"                                                                    # NovoUsuarioStep.preenchoSomenteCampoComValor(String,String)

    Quando clico no Botao Cadastrar                                                                                         # NovoUsuarioStep.clicarBotaoCadastrar()

    Entao sistem exibi as mensagens "Email é um campo obrigatório" e "Senha é um campo obrigatório" na tela de Novo Usuario # NovoUsuarioStep.sistemExibiAsMensagensENaTelaDeNovoUsuario(String,String)



  @CriarNovoUsuario @SENHORBARRIGA006 @web

  Cenario: 0006 - Validar criacao de Novo Usuario preenchenco somente o campo Email                                        # src/test/resources/Features/SNF/CriarNovoUsuario.feature:20

    Dado que estou na pagina de Login do Senhor Barriga                                                                    # LoginStep.queEstouLogadoNoSNFComUsuario()

    E estou executando o teste                                                                                             # ParametrosEvidenciaSteps.estouExecutandoOTeste(DataTable)

    E acesso a pagina Novo Usuario                                                                                         # NovoUsuarioStep.acessoAPaginaNovoUsuario()

    E preencho somente o campo "Email" com o valor "Jose@Jose"                                                             # NovoUsuarioStep.preenchoSomenteCampoComValor(String,String)

    Quando clico no Botao Cadastrar                                                                                        # NovoUsuarioStep.clicarBotaoCadastrar()

    Entao sistem exibi as mensagens "Nome é um campo obrigatório" e "Senha é um campo obrigatório" na tela de Novo Usuario # NovoUsuarioStep.sistemExibiAsMensagensENaTelaDeNovoUsuario(String,String)



  @CriarNovoUsuario @SENHORBARRIGA007 @web

  Cenario: 0007 - Validar criacao de Novo Usuario preenchenco somente o campo Senha                                        # src/test/resources/Features/SNF/CriarNovoUsuario.feature:31

    Dado que estou na pagina de Login do Senhor Barriga                                                                    # LoginStep.queEstouLogadoNoSNFComUsuario()

    E estou executando o teste                                                                                             # ParametrosEvidenciaSteps.estouExecutandoOTeste(DataTable)

    E acesso a pagina Novo Usuario                                                                                         # NovoUsuarioStep.acessoAPaginaNovoUsuario()

    E preencho somente o campo "Senha" com o valor "Jose"                                                                  # NovoUsuarioStep.preenchoSomenteCampoComValor(String,String)

    Quando clico no Botao Cadastrar                                                                                        # NovoUsuarioStep.clicarBotaoCadastrar()

    Entao sistem exibi as mensagens "Nome é um campo obrigatório" e "Email é um campo obrigatório" na tela de Novo Usuario # NovoUsuarioStep.sistemExibiAsMensagensENaTelaDeNovoUsuario(String,String)



  @CriarNovoUsuario @SENHORBARRIGA008 @web

  Cenario: 0008 - Validar criacao de Novo Usuario com Sucesso                                 # src/test/resources/Features/SNF/CriarNovoUsuario.feature:42

    Dado que estou na pagina de Login do Senhor Barriga                                       # LoginStep.queEstouLogadoNoSNFComUsuario()

    E estou executando o teste                                                                # ParametrosEvidenciaSteps.estouExecutandoOTeste(DataTable)

    E acesso a pagina Novo Usuario                                                            # NovoUsuarioStep.acessoAPaginaNovoUsuario()

    E preencho os campos "Nome", "Email" e "Senha" com os valore "Jose", "Jose@Jose" e "Jose" # NovoUsuarioStep.preenchoCamposComValore(String,String,String,String,String,String)

    Quando clico no Botao Cadastrar                                                           # NovoUsuarioStep.clicarBotaoCadastrar()

    Entao sistem exibi a mensagen "Usuário inserido com sucesso"  na tela de Novo Usuario     # NovoUsuarioStep.validarExibicaoMensagem(String)



Funcionalidade: Home Site do Senhor Barriga



  @SENHORBARRIGA018 @web

  Cenario: 0018 - Validar o valor do Saldo na tela Home da Aplicação                   # src/test/resources/Features/SNF/Home.feature:8

    Dado que Logado na Pagina do Senhor Barriga                                        # LoginStep.queLogadoNaPaginaDoSenhorBarriga()

    E estou executando o teste                                                         # ParametrosEvidenciaSteps.estouExecutandoOTeste(DataTable)

    E acesso a pagina Adicionar Conta                                                  # CriarContaStep.acessoAPaginaAdicionarConta()

    E tenho uma conta já criada                                                        # CriarContaStep.tenhoUmaContaJaCriada()

    E crio uma Movimentacao                                                            # CriarMovimentacaoStep.crioUmaMovimentacao()

      org.openqa.selenium.NoSuchElementException: Cannot locate element with text: Sedrick
For documentation on this error, please visit: https://www.seleniumhq.org/exceptions/no_such_element.html
Build info: version: '3.141.59', revision: 'e82be7d358', time: '2018-11-14T08:17:03'
System info: host: 'NBPITANG-207', ip: '192.168.0.108', os.name: 'Windows 10', os.arch: 'amd64', os.version: '10.0', java.version: '1.8.0_211'
Driver info: driver.version: unknown
	at org.openqa.selenium.support.ui.Select.selectByVisibleText(Select.java:147)
	at web.funcionalidade.CriarMovimentacaoFuncionalidade.selecionarConta(CriarMovimentacaoFuncionalidade.java:42)
	at web.funcionalidade.CriarMovimentacaoFuncionalidade.criarMovimentacao(CriarMovimentacaoFuncionalidade.java:54)
	at web.steps.CriarMovimentacaoStep.crioUmaMovimentacao(CriarMovimentacaoStep.java:19)
	at ?.crio uma Movimentacao(file:src/test/resources/Features/SNF/Home.feature:15)


    Quando acesso a tela Home da Aplicacao                                             # HomeStep.acessarTelaHome()

    Entao sistema exibi o valor do Saldo igual ao utilizado na criacao da Movimentacao # HomeStep.validarValorSaldoTelaHome()



@Login

Funcionalidade: Pagina de Login



  @Login @SENHORBARRIGA001 @web

  Cenario: 0001 - Validar autenticacao com sucesso no Site # src/test/resources/Features/SNF/Login.feature:9

    Dado que estou na pagina de Login do Senhor Barriga    # LoginStep.queEstouLogadoNoSNFComUsuario()

    E estou executando o teste                             # ParametrosEvidenciaSteps.estouExecutandoOTeste(DataTable)

    E digito usuario "h@h" e Senha "h"                     # LoginStep.digitoUsuarioESenha(String,String)

    Quando clico no Botao Entrar                           # LoginStep.clicoNoBotaoEntrar()

    Entao sistem exibi a mensagem "Bem vindo, Hilario!"    # LoginStep.sistemExibiAMensagem(String)



  @Login @SENHORBARRIGA002 @web

  Cenario: 0002 - Validar Obrigatóriedade do campo Email na tela de Login          # src/test/resources/Features/SNF/Login.feature:19

    Dado que estou na pagina de Login do Senhor Barriga                            # LoginStep.queEstouLogadoNoSNFComUsuario()

    E estou executando o teste                                                     # ParametrosEvidenciaSteps.estouExecutandoOTeste(DataTable)

    E preencho somente o valor Senha "h"                                           # LoginStep.preenchoSomenteOValorSenha(String)

    Quando clico no Botao Entrar                                                   # LoginStep.clicoNoBotaoEntrar()

    Entao sistem exibi a mensagem "Email é um campo obrigatório" na tela de Login" # LoginStep.sistemExibiAMensagemNaTelaDeLogin(String)



  @Login @SENHORBARRIGA003 @web

  Cenario: 0003 - Validar Obrigatóriedade do campo Senha na tela de Login          # src/test/resources/Features/SNF/Login.feature:29

    Dado que estou na pagina de Login do Senhor Barriga                            # LoginStep.queEstouLogadoNoSNFComUsuario()

    E estou executando o teste                                                     # ParametrosEvidenciaSteps.estouExecutandoOTeste(DataTable)

    E preencho somente o valor Email "h@h"                                         # LoginStep.preenchoSomenteValorEmail(String)

    Quando clico no Botao Entrar                                                   # LoginStep.clicoNoBotaoEntrar()

    Entao sistem exibi a mensagem "Senha é um campo obrigatório" na tela de Login" # LoginStep.sistemExibiAMensagemNaTelaDeLogin(String)



  @Login @SENHORBARRIGA004 @web

  Cenario: 0004 - Validar autenticacao sem preencher nenhum campo                                   # src/test/resources/Features/SNF/Login.feature:39

    Dado que estou na pagina de Login do Senhor Barriga                                             # LoginStep.queEstouLogadoNoSNFComUsuario()

    E estou executando o teste                                                                      # ParametrosEvidenciaSteps.estouExecutandoOTeste(DataTable)

    Quando clico no Botao Entrar                                                                    # LoginStep.clicoNoBotaoEntrar()

    Entao sistem exibi as mensagens "Email é um campo obrigatório" e "Senha é um campo obrigatório" # LoginStep.sistemExibiAsMensagensE(String,String)



@ResumoMensal

Funcionalidade: Resumo Mensal



  @ResumoMensal @SENHORBARRIGA017 @web

  Cenario: 0017 - Deletar Movimentacao na tela Resumo Mensal                                     # src/test/resources/Features/SNF/ResumoMensal.feature:9

    Dado que Logado na Pagina do Senhor Barriga                                                  # LoginStep.queLogadoNaPaginaDoSenhorBarriga()

    E estou executando o teste                                                                   # ParametrosEvidenciaSteps.estouExecutandoOTeste(DataTable)

    E acesso a pagina Adicionar Conta                                                            # CriarContaStep.acessoAPaginaAdicionarConta()

    E tenho uma conta já criada                                                                  # CriarContaStep.tenhoUmaContaJaCriada()

    E crio uma Movimentacao                                                                      # CriarMovimentacaoStep.crioUmaMovimentacao()

    Quando deleto uma movimentacao                                                               # ResumoMensalStep.deletarUmaMovimentacao()

    Entao sistem exibi a mensagen "Movimentação removida com sucesso!"  na tela de Resumo Mensal # ResumoMensalStep.validarMensagemTelaDeResumoMensal(String)

Passou por aqui
Definindo os parametros da evidencia . . .
Parâmetros de evidência ok
]]></system-out>
    <system-err><![CDATA[jan 05, 2021 10:07:13 AM org.openqa.selenium.remote.DesiredCapabilities chrome
INFORMAÇÕES: Using `new ChromeOptions()` is preferred to `DesiredCapabilities.chrome()`
jan 05, 2021 10:07:15 AM org.openqa.selenium.remote.ProtocolHandshake createSession
INFORMAÇÕES: Detected dialect: W3C
]]></system-err>
  </testcase>
</testsuite>